\BOOKMARK [0][-]{chapter.1}{Einleitung}{}% 1
\BOOKMARK [0][-]{chapter.2}{Spielsetting}{}% 2
\BOOKMARK [1][-]{section.2.1}{Zeitalter und Gepflogenheiten}{chapter.2}% 3
\BOOKMARK [1][-]{section.2.2}{Einladung f\374r die Teilnehmenden/ Grund der Zusammenkunft}{chapter.2}% 4
\BOOKMARK [0][-]{chapter.3}{Plot}{}% 5
\BOOKMARK [1][-]{section.3.1}{Ronja}{chapter.3}% 6
\BOOKMARK [1][-]{section.3.2}{Tristan}{chapter.3}% 7
\BOOKMARK [0][-]{chapter.4}{Events}{}% 8
\BOOKMARK [1][-]{section.4.1}{Pr\344sentation}{chapter.4}% 9
\BOOKMARK [1][-]{section.4.2}{Tanzen}{chapter.4}% 10
\BOOKMARK [1][-]{section.4.3}{Gl\374cksspiel}{chapter.4}% 11
\BOOKMARK [1][-]{section.4.4}{Polizei-Besuch}{chapter.4}% 12
\BOOKMARK [0][-]{chapter.5}{Gruppen}{}% 13
\BOOKMARK [1][-]{section.5.1}{Die Liebes Aff\344re}{chapter.5}% 14
\BOOKMARK [1][-]{section.5.2}{Seduction}{chapter.5}% 15
\BOOKMARK [1][-]{section.5.3}{Politische Intrigen}{chapter.5}% 16
\BOOKMARK [1][-]{section.5.4}{Weltherrschaft}{chapter.5}% 17
\BOOKMARK [1][-]{section.5.5}{Atomskripte}{chapter.5}% 18
\BOOKMARK [0][-]{chapter.6}{Charaktere}{}% 19
\BOOKMARK [1][-]{section.6.1}{Figuren der Veranstaltung}{chapter.6}% 20
\BOOKMARK [1][-]{section.6.2}{M\366gliche Gast-Charaktere}{chapter.6}% 21
\BOOKMARK [1][-]{section.6.3}{Charakterbeschreibungen}{chapter.6}% 22
\BOOKMARK [0][-]{chapter.7}{OT-Mechanismen}{}% 23
\BOOKMARK [0][-]{chapter.8}{Regeln}{}% 24
\BOOKMARK [1][-]{section.8.1}{Schie\337t euch nicht ab}{chapter.8}% 25
\BOOKMARK [0][-]{chapter.9}{Orga}{}% 26
\BOOKMARK [1][-]{section.9.1}{bridges}{chapter.9}% 27
\BOOKMARK [1][-]{section.9.2}{OT-Raum}{chapter.9}% 28
\BOOKMARK [0][-]{chapter.10}{Random Ideen}{}% 29
\BOOKMARK [0][-]{chapter.11}{Briefing}{}% 30
\BOOKMARK [0][-]{chapter.12}{Genres}{}% 31
\BOOKMARK [0][-]{chapter.13}{Lerninhalte}{}% 32
\BOOKMARK [1][-]{section.13.1}{Links zu \(strukturellem\) Antisemitismus}{chapter.13}% 33
\BOOKMARK [1][-]{section.13.2}{Sozial Media}{chapter.13}% 34
\BOOKMARK [1][-]{section.13.3}{Warum Briefe}{chapter.13}% 35
\BOOKMARK [1][-]{section.13.4}{Antisemitismus und die Protokolle der Weisen von Zion}{chapter.13}% 36
\BOOKMARK [0][-]{chapter.14}{Reflexion}{}% 37
\BOOKMARK [1][-]{section.14.1}{Kurzes Debriefing}{chapter.14}% 38
\BOOKMARK [1][-]{section.14.2}{Stumme Diskussion}{chapter.14}% 39
\BOOKMARK [1][-]{section.14.3}{Reflexionstreffen}{chapter.14}% 40
\BOOKMARK [0][-]{chapter.15}{Material}{}% 41
